# JRE version: Java(TM) SE Runtime Environment (8.0_192-b12) (build 1.8.0_192-b12)
# Java VM: Java HotSpot(TM) 64-Bit Server VM (25.192-b12 mixed mode bsd-amd64 compressed oops)
Heap:
 PSYoungGen      total 100864K, used 28022K [0x00000007a0000000, 0x00000007a6b00000, 0x00000007c0000000)
  eden space 96768K, 27% used [0x00000007a0000000,0x00000007a1a51280,0x00000007a5e80000)
  from space 4096K, 26% used [0x00000007a6400000,0x00000007a650c820,0x00000007a6800000)
  to   space 5632K, 0% used [0x00000007a5e80000,0x00000007a5e80000,0x00000007a6400000)
 ParOldGen       total 65536K, used 5212K [0x0000000760000000, 0x0000000764000000, 0x00000007a0000000)
  object space 65536K, 7% used [0x0000000760000000,0x00000007605173d0,0x0000000764000000)
 Metaspace       used 12408K, capacity 12796K, committed 13056K, reserved 1060864K
  class space    used 1375K, capacity 1489K, committed 1536K, reserved 1048576K
GC Heap History (10 events):
Event: 11.634 GC heap before
{Heap before GC invocations=3 (full 1):
 PSYoungGen      total 28672K, used 24397K [0x00000007a0000000, 0x00000007a2000000, 0x00000007c0000000)
  eden space 24576K, 99% used [0x00000007a0000000,0x00000007a17d37a0,0x00000007a1800000)
  from space 4096K, 0% used [0x00000007a1800000,0x00000007a1800000,0x00000007a1c00000)
  to   space 4096K, 0% used [0x00000007a1c00000,0x00000007a1c00000,0x00000007a2000000)
 ParOldGen       total 65536K, used 5188K [0x0000000760000000, 0x0000000764000000, 0x00000007a0000000)
  object space 65536K, 7% used [0x0000000760000000,0x00000007605113d0,0x0000000764000000)
 Metaspace       used 12229K, capacity 12572K, committed 12800K, reserved 1060864K
  class space    used 1367K, capacity 1457K, committed 1536K, reserved 1048576K
Event: 11.648 GC heap after
Heap after GC invocations=3 (full 1):
 PSYoungGen      total 28672K, used 1971K [0x00000007a0000000, 0x00000007a2000000, 0x00000007c0000000)
  eden space 24576K, 0% used [0x00000007a0000000,0x00000007a0000000,0x00000007a1800000)
  from space 4096K, 48% used [0x00000007a1c00000,0x00000007a1decc20,0x00000007a2000000)
  to   space 4096K, 0% used [0x00000007a1800000,0x00000007a1800000,0x00000007a1c00000)
 ParOldGen       total 65536K, used 5196K [0x0000000760000000, 0x0000000764000000, 0x00000007a0000000)
  object space 65536K, 7% used [0x0000000760000000,0x00000007605133d0,0x0000000764000000)
 Metaspace       used 12229K, capacity 12572K, committed 12800K, reserved 1060864K
  class space    used 1367K, capacity 1457K, committed 1536K, reserved 1048576K
}
Event: 12.114 GC heap before
{Heap before GC invocations=4 (full 1):
 PSYoungGen      total 28672K, used 26059K [0x00000007a0000000, 0x00000007a2000000, 0x00000007c0000000)
  eden space 24576K, 98% used [0x00000007a0000000,0x00000007a1786230,0x00000007a1800000)
  from space 4096K, 48% used [0x00000007a1c00000,0x00000007a1decc20,0x00000007a2000000)
  to   space 4096K, 0% used [0x00000007a1800000,0x00000007a1800000,0x00000007a1c00000)
 ParOldGen       total 65536K, used 5196K [0x0000000760000000, 0x0000000764000000, 0x00000007a0000000)
  object space 65536K, 7% used [0x0000000760000000,0x00000007605133d0,0x0000000764000000)
 Metaspace       used 12238K, capacity 12572K, committed 12800K, reserved 1060864K
  class space    used 1367K, capacity 1457K, committed 1536K, reserved 1048576K
Event: 12.127 GC heap after
Heap after GC invocations=4 (full 1):
 PSYoungGen      total 28672K, used 1939K [0x00000007a0000000, 0x00000007a3800000, 0x00000007c0000000)
  eden space 24576K, 0% used [0x00000007a0000000,0x00000007a0000000,0x00000007a1800000)
  from space 4096K, 47% used [0x00000007a1800000,0x00000007a19e4c20,0x00000007a1c00000)
  to   space 4096K, 0% used [0x00000007a3400000,0x00000007a3400000,0x00000007a3800000)
 ParOldGen       total 65536K, used 5196K [0x0000000760000000, 0x0000000764000000, 0x00000007a0000000)
  object space 65536K, 7% used [0x0000000760000000,0x00000007605133d0,0x0000000764000000)
 Metaspace       used 12238K, capacity 12572K, committed 12800K, reserved 1060864K
  class space    used 1367K, capacity 1457K, committed 1536K, reserved 1048576K
}
Event: 12.961 GC heap before
{Heap before GC invocations=5 (full 1):
 PSYoungGen      total 28672K, used 25780K [0x00000007a0000000, 0x00000007a3800000, 0x00000007c0000000)
  eden space 24576K, 97% used [0x00000007a0000000,0x00000007a1748708,0x00000007a1800000)
  from space 4096K, 47% used [0x00000007a1800000,0x00000007a19e4c20,0x00000007a1c00000)
  to   space 4096K, 0% used [0x00000007a3400000,0x00000007a3400000,0x00000007a3800000)
 ParOldGen       total 65536K, used 5196K [0x0000000760000000, 0x0000000764000000, 0x00000007a0000000)
  object space 65536K, 7% used [0x0000000760000000,0x00000007605133d0,0x0000000764000000)
 Metaspace       used 12357K, capacity 12796K, committed 13056K, reserved 1060864K
  class space    used 1375K, capacity 1489K, committed 1536K, reserved 1048576K
Event: 12.974 GC heap after
Heap after GC invocations=5 (full 1):
 PSYoungGen      total 53248K, used 1106K [0x00000007a0000000, 0x00000007a3800000, 0x00000007c0000000)
  eden space 49152K, 0% used [0x00000007a0000000,0x00000007a0000000,0x00000007a3000000)
  from space 4096K, 27% used [0x00000007a3400000,0x00000007a3514820,0x00000007a3800000)
  to   space 4096K, 0% used [0x00000007a3000000,0x00000007a3000000,0x00000007a3400000)
 ParOldGen       total 65536K, used 5204K [0x0000000760000000, 0x0000000764000000, 0x00000007a0000000)
  object space 65536K, 7% used [0x0000000760000000,0x00000007605153d0,0x0000000764000000)
 Metaspace       used 12357K, capacity 12796K, committed 13056K, reserved 1060864K
  class space    used 1375K, capacity 1489K, committed 1536K, reserved 1048576K
}
Event: 13.923 GC heap before
{Heap before GC invocations=6 (full 1):
 PSYoungGen      total 53248K, used 50044K [0x00000007a0000000, 0x00000007a3800000, 0x00000007c0000000)
  eden space 49152K, 99% used [0x00000007a0000000,0x00000007a2fcab90,0x00000007a3000000)
  from space 4096K, 27% used [0x00000007a3400000,0x00000007a3514820,0x00000007a3800000)
  to   space 4096K, 0% used [0x00000007a3000000,0x00000007a3000000,0x00000007a3400000)
 ParOldGen       total 65536K, used 5204K [0x0000000760000000, 0x0000000764000000, 0x00000007a0000000)
  object space 65536K, 7% used [0x0000000760000000,0x00000007605153d0,0x0000000764000000)
 Metaspace       used 12393K, capacity 12796K, committed 13056K, reserved 1060864K
  class space    used 1375K, capacity 1489K, committed 1536K, reserved 1048576K
Event: 13.936 GC heap after
Heap after GC invocations=6 (full 1):
 PSYoungGen      total 53248K, used 2011K [0x00000007a0000000, 0x00000007a6800000, 0x00000007c0000000)
  eden space 49152K, 0% used [0x00000007a0000000,0x00000007a0000000,0x00000007a3000000)
  from space 4096K, 49% used [0x00000007a3000000,0x00000007a31f6e30,0x00000007a3400000)
  to   space 4096K, 0% used [0x00000007a6400000,0x00000007a6400000,0x00000007a6800000)
 ParOldGen       total 65536K, used 5212K [0x0000000760000000, 0x0000000764000000, 0x00000007a0000000)
  object space 65536K, 7% used [0x0000000760000000,0x00000007605173d0,0x0000000764000000)
 Metaspace       used 12393K, capacity 12796K, committed 13056K, reserved 1060864K
  class space    used 1375K, capacity 1489K, committed 1536K, reserved 1048576K
}
Event: 14.787 GC heap before
{Heap before GC invocations=7 (full 1):
 PSYoungGen      total 53248K, used 50925K [0x00000007a0000000, 0x00000007a6800000, 0x00000007c0000000)
  eden space 49152K, 99% used [0x00000007a0000000,0x00000007a2fc4858,0x00000007a3000000)
  from space 4096K, 49% used [0x00000007a3000000,0x00000007a31f6e30,0x00000007a3400000)
  to   space 4096K, 0% used [0x00000007a6400000,0x00000007a6400000,0x00000007a6800000)
 ParOldGen       total 65536K, used 5212K [0x0000000760000000, 0x0000000764000000, 0x00000007a0000000)
  object space 65536K, 7% used [0x0000000760000000,0x00000007605173d0,0x0000000764000000)
 Metaspace       used 12401K, capacity 12796K, committed 13056K, reserved 1060864K
  class space    used 1375K, capacity 1489K, committed 1536K, reserved 1048576K
Event: 14.799 GC heap after
Heap after GC invocations=7 (full 1):
 PSYoungGen      total 100864K, used 1074K [0x00000007a0000000, 0x00000007a6b00000, 0x00000007c0000000)
  eden space 96768K, 0% used [0x00000007a0000000,0x00000007a0000000,0x00000007a5e80000)
  from space 4096K, 26% used [0x00000007a6400000,0x00000007a650c820,0x00000007a6800000)
  to   space 5632K, 0% used [0x00000007a5e80000,0x00000007a5e80000,0x00000007a6400000)
 ParOldGen       total 65536K, used 5212K [0x0000000760000000, 0x0000000764000000, 0x00000007a0000000)
  object space 65536K, 7% used [0x0000000760000000,0x00000007605173d0,0x0000000764000000)
 Metaspace       used 12401K, capacity 12796K, committed 13056K, reserved 1060864K
  class space    used 1375K, capacity 1489K, committed 1536K, reserved 1048576K
}

